Performing C++ SOURCE FILE Test CMAKE_HAVE_LIBC_PTHREAD failed with the following output:
Change Dir: /home/jetbot/DeliveryRobot/build/CMakeFiles/CMakeScratch/TryCompile-ewIZ78

Run Build Command(s):/usr/bin/make -f Makefile cmTC_ce887/fast && /usr/bin/make  -f CMakeFiles/cmTC_ce887.dir/build.make CMakeFiles/cmTC_ce887.dir/build
make[1]: Entering directory '/home/jetbot/DeliveryRobot/build/CMakeFiles/CMakeScratch/TryCompile-ewIZ78'
Building CXX object CMakeFiles/cmTC_ce887.dir/src.cxx.o
/usr/bin/c++ -DCMAKE_HAVE_LIBC_PTHREAD   -o CMakeFiles/cmTC_ce887.dir/src.cxx.o -c /home/jetbot/DeliveryRobot/build/CMakeFiles/CMakeScratch/TryCompile-ewIZ78/src.cxx
Linking CXX executable cmTC_ce887
/usr/bin/cmake -E cmake_link_script CMakeFiles/cmTC_ce887.dir/link.txt --verbose=1
/usr/bin/c++ -rdynamic CMakeFiles/cmTC_ce887.dir/src.cxx.o -o cmTC_ce887 
CMakeFiles/cmTC_ce887.dir/src.cxx.o: In function `main':
src.cxx:(.text+0x48): undefined reference to `pthread_create'
src.cxx:(.text+0x50): undefined reference to `pthread_detach'
src.cxx:(.text+0x58): undefined reference to `pthread_cancel'
src.cxx:(.text+0x64): undefined reference to `pthread_join'
src.cxx:(.text+0x74): undefined reference to `pthread_atfork'
collect2: error: ld returned 1 exit status
CMakeFiles/cmTC_ce887.dir/build.make:98: recipe for target 'cmTC_ce887' failed
make[1]: *** [cmTC_ce887] Error 1
make[1]: Leaving directory '/home/jetbot/DeliveryRobot/build/CMakeFiles/CMakeScratch/TryCompile-ewIZ78'
Makefile:127: recipe for target 'cmTC_ce887/fast' failed
make: *** [cmTC_ce887/fast] Error 2


Source file was:
#include <pthread.h>

static void* test_func(void* data)
{
  return data;
}

int main(void)
{
  pthread_t thread;
  pthread_create(&thread, NULL, test_func, NULL);
  pthread_detach(thread);
  pthread_cancel(thread);
  pthread_join(thread, NULL);
  pthread_atfork(NULL, NULL, NULL);
  pthread_exit(NULL);

  return 0;
}


Determining if the function pthread_create exists in the pthreads failed with the following output:
Change Dir: /home/jetbot/DeliveryRobot/build/CMakeFiles/CMakeScratch/TryCompile-vwS1ag

Run Build Command(s):/usr/bin/make -f Makefile cmTC_a9930/fast && /usr/bin/make  -f CMakeFiles/cmTC_a9930.dir/build.make CMakeFiles/cmTC_a9930.dir/build
make[1]: Entering directory '/home/jetbot/DeliveryRobot/build/CMakeFiles/CMakeScratch/TryCompile-vwS1ag'
Building CXX object CMakeFiles/cmTC_a9930.dir/CheckFunctionExists.cxx.o
/usr/bin/c++   -DCHECK_FUNCTION_EXISTS=pthread_create -o CMakeFiles/cmTC_a9930.dir/CheckFunctionExists.cxx.o -c /home/jetbot/DeliveryRobot/build/CMakeFiles/CMakeScratch/TryCompile-vwS1ag/CheckFunctionExists.cxx
Linking CXX executable cmTC_a9930
/usr/bin/cmake -E cmake_link_script CMakeFiles/cmTC_a9930.dir/link.txt --verbose=1
/usr/bin/c++  -DCHECK_FUNCTION_EXISTS=pthread_create -rdynamic CMakeFiles/cmTC_a9930.dir/CheckFunctionExists.cxx.o -o cmTC_a9930  -lpthreads 
/usr/bin/ld: cannot find -lpthreads
collect2: error: ld returned 1 exit status
CMakeFiles/cmTC_a9930.dir/build.make:98: recipe for target 'cmTC_a9930' failed
make[1]: *** [cmTC_a9930] Error 1
make[1]: Leaving directory '/home/jetbot/DeliveryRobot/build/CMakeFiles/CMakeScratch/TryCompile-vwS1ag'
Makefile:127: recipe for target 'cmTC_a9930/fast' failed
make: *** [cmTC_a9930/fast] Error 2



Performing C++ SOURCE FILE Test CMAKE_HAVE_LIBC_PTHREAD failed with the following output:
Change Dir: /home/jetbot/DeliveryRobot/build/CMakeFiles/CMakeScratch/TryCompile-3lmNI6

Run Build Command(s):/usr/bin/make -f Makefile cmTC_44a73/fast && /usr/bin/make  -f CMakeFiles/cmTC_44a73.dir/build.make CMakeFiles/cmTC_44a73.dir/build
make[1]: Entering directory '/home/jetbot/DeliveryRobot/build/CMakeFiles/CMakeScratch/TryCompile-3lmNI6'
Building CXX object CMakeFiles/cmTC_44a73.dir/src.cxx.o
/usr/bin/c++ -DCMAKE_HAVE_LIBC_PTHREAD   -o CMakeFiles/cmTC_44a73.dir/src.cxx.o -c /home/jetbot/DeliveryRobot/build/CMakeFiles/CMakeScratch/TryCompile-3lmNI6/src.cxx
Linking CXX executable cmTC_44a73
/usr/bin/cmake -E cmake_link_script CMakeFiles/cmTC_44a73.dir/link.txt --verbose=1
/usr/bin/c++ -rdynamic CMakeFiles/cmTC_44a73.dir/src.cxx.o -o cmTC_44a73 
CMakeFiles/cmTC_44a73.dir/src.cxx.o: In function `main':
src.cxx:(.text+0x48): undefined reference to `pthread_create'
src.cxx:(.text+0x50): undefined reference to `pthread_detach'
src.cxx:(.text+0x58): undefined reference to `pthread_cancel'
src.cxx:(.text+0x64): undefined reference to `pthread_join'
src.cxx:(.text+0x74): undefined reference to `pthread_atfork'
collect2: error: ld returned 1 exit status
CMakeFiles/cmTC_44a73.dir/build.make:98: recipe for target 'cmTC_44a73' failed
make[1]: *** [cmTC_44a73] Error 1
make[1]: Leaving directory '/home/jetbot/DeliveryRobot/build/CMakeFiles/CMakeScratch/TryCompile-3lmNI6'
Makefile:127: recipe for target 'cmTC_44a73/fast' failed
make: *** [cmTC_44a73/fast] Error 2


Source file was:
#include <pthread.h>

static void* test_func(void* data)
{
  return data;
}

int main(void)
{
  pthread_t thread;
  pthread_create(&thread, NULL, test_func, NULL);
  pthread_detach(thread);
  pthread_cancel(thread);
  pthread_join(thread, NULL);
  pthread_atfork(NULL, NULL, NULL);
  pthread_exit(NULL);

  return 0;
}


Determining if the function pthread_create exists in the pthreads failed with the following output:
Change Dir: /home/jetbot/DeliveryRobot/build/CMakeFiles/CMakeScratch/TryCompile-etIqfv

Run Build Command(s):/usr/bin/make -f Makefile cmTC_2b6f6/fast && /usr/bin/make  -f CMakeFiles/cmTC_2b6f6.dir/build.make CMakeFiles/cmTC_2b6f6.dir/build
make[1]: Entering directory '/home/jetbot/DeliveryRobot/build/CMakeFiles/CMakeScratch/TryCompile-etIqfv'
Building CXX object CMakeFiles/cmTC_2b6f6.dir/CheckFunctionExists.cxx.o
/usr/bin/c++   -DCHECK_FUNCTION_EXISTS=pthread_create -o CMakeFiles/cmTC_2b6f6.dir/CheckFunctionExists.cxx.o -c /home/jetbot/DeliveryRobot/build/CMakeFiles/CMakeScratch/TryCompile-etIqfv/CheckFunctionExists.cxx
Linking CXX executable cmTC_2b6f6
/usr/bin/cmake -E cmake_link_script CMakeFiles/cmTC_2b6f6.dir/link.txt --verbose=1
/usr/bin/c++  -DCHECK_FUNCTION_EXISTS=pthread_create -rdynamic CMakeFiles/cmTC_2b6f6.dir/CheckFunctionExists.cxx.o -o cmTC_2b6f6  -lpthreads 
/usr/bin/ld: cannot find -lpthreads
collect2: error: ld returned 1 exit status
CMakeFiles/cmTC_2b6f6.dir/build.make:98: recipe for target 'cmTC_2b6f6' failed
make[1]: *** [cmTC_2b6f6] Error 1
make[1]: Leaving directory '/home/jetbot/DeliveryRobot/build/CMakeFiles/CMakeScratch/TryCompile-etIqfv'
Makefile:127: recipe for target 'cmTC_2b6f6/fast' failed
make: *** [cmTC_2b6f6/fast] Error 2



